date/time,script,user,action,table,field,"key value","old value","new value"
"2023-10-30 05:33:42",/login,1,login,::1,,,,
"2023-10-30 05:49:41",/logout,1,logout,::1,,,,
"2023-10-30 05:50:09",/login,1,login,::1,,,,
"2023-10-30 05:55:06",/logout,1,logout,::1,,,,
"2023-10-30 05:55:25",/login,2,login,::1,,,,
"2023-10-30 05:56:15",/jdhpatientvisitsadd,2,A,jdh_patient_visits,patient_id,13,,1
"2023-10-30 05:56:15",/jdhpatientvisitsadd,2,A,jdh_patient_visits,visit_type_id,13,,3
"2023-10-30 05:56:15",/jdhpatientvisitsadd,2,A,jdh_patient_visits,user_id,13,,3
"2023-10-30 05:56:15",/jdhpatientvisitsadd,2,A,jdh_patient_visits,insurance_id,13,,3
"2023-10-30 05:56:15",/jdhpatientvisitsadd,2,A,jdh_patient_visits,visit_description,13,,[MEMO]
"2023-10-30 05:56:15",/jdhpatientvisitsadd,2,A,jdh_patient_visits,subbmitted_by_user_id,13,,2
"2023-10-30 05:56:15",/jdhpatientvisitsadd,2,A,jdh_patient_visits,visit_id,13,,13
"2023-10-30 05:57:55",/logout,2,logout,::1,,,,
"2023-10-30 05:58:07",/login,1,login,::1,,,,
"2023-10-30 05:58:39",/jdhchiefcomplaintsadd,1,A,jdh_chief_complaints,patient_id,6,,1
"2023-10-30 05:58:39",/jdhchiefcomplaintsadd,1,A,jdh_chief_complaints,chief_compaints,6,,[MEMO]
"2023-10-30 05:58:39",/jdhchiefcomplaintsadd,1,A,jdh_chief_complaints,id,6,,6
"2023-10-30 06:03:16",/logout,1,logout,::1,,,,
"2023-10-30 06:03:27",/jootidigitalhealthcare/login,nurse@example.com,autologin,::1,,,,
"2023-10-30 06:03:44",/jootidigitalhealthcare/logout,4,logout,::1,,,,
"2023-10-30 06:03:56",/jootidigitalhealthcare/login,2,login,::1,,,,
"2023-10-30 06:10:40",/jootidigitalhealthcare/logout,2,logout,::1,,,,
"2023-10-30 06:10:48",/jootidigitalhealthcare/login,4,login,::1,,,,
"2023-10-30 06:15:15",/jootidigitalhealthcare/logout,4,logout,::1,,,,
"2023-10-30 06:15:20",/jootidigitalhealthcare/login,4,login,::1,,,,
"2023-10-30 06:29:36",/jootidigitalhealthcare/logout,4,logout,::1,,,,
"2023-10-30 06:29:54",/jootidigitalhealthcare/login,5,login,::1,,,,
"2023-10-30 06:42:30",/jootidigitalhealthcare/logout,5,logout,::1,,,,
"2023-10-30 06:42:36",/jootidigitalhealthcare/login,5,login,::1,,,,
"2023-10-30 06:47:27",/jootidigitalhealthcare/logout,5,logout,::1,,,,
"2023-10-30 06:47:31",/jootidigitalhealthcare/login,5,login,::1,,,,
"2023-10-30 06:51:16",/jootidigitalhealthcare/logout,5,logout,::1,,,,
"2023-10-30 06:51:40",/jootidigitalhealthcare/login,6,login,::1,,,,
"2023-10-30 07:03:55",/jootidigitalhealthcare/logout,6,logout,::1,,,,
"2023-10-30 07:04:04",/jootidigitalhealthcare/login,6,login,::1,,,,
"2023-10-30 07:12:11",/jootidigitalhealthcare/logout,6,logout,::1,,,,
"2023-10-30 07:12:21",/jootidigitalhealthcare/login,7,login,::1,,,,
"2023-10-30 07:16:21",/jootidigitalhealthcare/logout,7,logout,::1,,,,
"2023-10-30 07:16:27",/jootidigitalhealthcare/login,7,login,::1,,,,
"2023-10-30 07:17:36",/jootidigitalhealthcare/logout,7,logout,::1,,,,
"2023-10-30 07:17:40",/jootidigitalhealthcare/login,7,login,::1,,,,
"2023-10-30 07:18:24",/jootidigitalhealthcare/logout,7,logout,::1,,,,
"2023-10-30 07:18:59",/jootidigitalhealthcare/login,7,login,::1,,,,
"2023-10-30 07:22:39",/jootidigitalhealthcare/logout,7,logout,::1,,,,
"2023-10-30 07:22:51",/jootidigitalhealthcare/login,6,login,::1,,,,
"2023-10-30 07:27:02",/jootidigitalhealthcare/logout,6,logout,::1,,,,
"2023-10-30 07:28:55",/jootidigitalhealthcare/login,6,login,::1,,,,
"2023-10-30 07:29:47",/jootidigitalhealthcare/logout,6,logout,::1,,,,
"2023-10-30 07:29:55",/jootidigitalhealthcare/login,7,login,::1,,,,
"2023-10-30 07:31:45",/jootidigitalhealthcare/logout,7,logout,::1,,,,
"2023-10-30 07:31:49",/jootidigitalhealthcare/login,7,login,::1,,,,
"2023-10-30 07:33:25",/jootidigitalhealthcare/logout,7,logout,::1,,,,
"2023-10-30 07:35:25",/jootidigitalhealthcare/login,1,login,::1,,,,
"2023-10-30 07:39:01",/jootidigitalhealthcare/logout,1,logout,::1,,,,
"2023-10-30 07:39:06",/jootidigitalhealthcare/login,1,login,::1,,,,
"2023-10-30 07:39:39",/jootidigitalhealthcare/logout,1,logout,::1,,,,
"2023-10-30 07:39:48",/jootidigitalhealthcare/login,4,login,::1,,,,
"2023-10-30 07:40:35",/jootidigitalhealthcare/logout,4,logout,::1,,,,
"2023-10-30 07:40:51",/jootidigitalhealthcare/login,3,login,::1,,,,
"2023-10-30 07:54:10",/jootidigitalhealthcare/logout,3,logout,::1,,,,
"2023-10-30 07:54:14",/jootidigitalhealthcare/login,3,login,::1,,,,
"2023-10-30 08:55:52",/jootidigitalhealthcare/logout,3,logout,::1,,,,
"2023-10-30 09:06:33",/jootidigitalhealthcare/login,1,login,::1,,,,
"2023-10-30 09:21:15",/jootidigitalhealthcare/logout,1,logout,::1,,,,
"2023-10-30 09:38:53",/jootidigitalhealthcare/login,1,login,::1,,,,
"2023-10-30 09:41:02",/jootidigitalhealthcare/logout,1,logout,::1,,,,
"2023-10-30 09:52:16",/jootidigitalhealthcare/login,1,login,::1,,,,
"2023-10-30 11:36:36",/jootidigitalhealthcare/logout,1,logout,::1,,,,
"2023-10-30 12:19:15",/jootidigitalhealthcare/login,1,login,::1,,,,
"2023-10-30 12:19:33",/jootidigitalhealthcare/logout,1,logout,::1,,,,
"2023-10-30 12:19:45",/jootidigitalhealthcare/login,3,login,::1,,,,
"2023-10-30 12:22:56",/jootidigitalhealthcare/logout,3,logout,::1,,,,
"2023-10-30 12:24:26",/jootidigitalhealthcare/login,3,login,::1,,,,
"2023-10-30 12:24:46",/jootidigitalhealthcare/logout,3,logout,::1,,,,
"2023-10-30 12:25:00",/jootidigitalhealthcare/login,2,login,::1,,,,
"2023-10-30 12:41:28",/jootidigitalhealthcare/logout,2,logout,::1,,,,
"2023-10-30 12:41:40",/jootidigitalhealthcare/login,2,login,::1,,,,
"2023-10-30 12:41:47",/jootidigitalhealthcare/logout,2,logout,::1,,,,
"2023-10-30 12:41:55",/jootidigitalhealthcare/login,7,login,::1,,,,
"2023-10-30 12:43:48",/jootidigitalhealthcare/logout,7,logout,::1,,,,
"2023-10-30 12:45:25",/jootidigitalhealthcare/login,7,login,::1,,,,
"2023-10-30 12:45:54",/jootidigitalhealthcare/logout,7,logout,::1,,,,
"2023-10-30 12:46:07",/jootidigitalhealthcare/login,1,login,::1,,,,
"2023-10-30 12:47:31",/jootidigitalhealthcare/logout,1,logout,::1,,,,
"2023-10-30 12:47:40",/jootidigitalhealthcare/login,3,login,::1,,,,
"2023-10-30 12:48:34",/jootidigitalhealthcare/logout,3,logout,::1,,,,
"2023-10-30 12:51:35",/jootidigitalhealthcare/login,1,login,::1,,,,
"2023-10-30 13:16:14",/jootidigitalhealthcare/login,1,login,::1,,,,
"2023-10-30 13:30:33",/login,1,login,::1,,,,
