C:\wamp64\www\jootidigitalhealthcare\.htaccess
C:\wamp64\www\jootidigitalhealthcare\api\.htaccess
C:\wamp64\www\jootidigitalhealthcare\api\index.php
C:\wamp64\www\jootidigitalhealthcare\composer.json
C:\wamp64\www\jootidigitalhealthcare\controllers\ApiController.php
C:\wamp64\www\jootidigitalhealthcare\controllers\ControllerBase.php
C:\wamp64\www\jootidigitalhealthcare\controllers\Dashboard2Controller.php
C:\wamp64\www\jootidigitalhealthcare\controllers\JdhAppointmentsController.php
C:\wamp64\www\jootidigitalhealthcare\controllers\JdhAudittrailController.php
C:\wamp64\www\jootidigitalhealthcare\controllers\JdhBedsController.php
C:\wamp64\www\jootidigitalhealthcare\controllers\JdhBrandingController.php
C:\wamp64\www\jootidigitalhealthcare\controllers\JdhChiefComplaintsController.php
C:\wamp64\www\jootidigitalhealthcare\controllers\JdhConsultationIncomeController.php
C:\wamp64\www\jootidigitalhealthcare\controllers\JdhDepartmentsController.php
C:\wamp64\www\jootidigitalhealthcare\controllers\JdhDoctorChargesController.php
C:\wamp64\www\jootidigitalhealthcare\controllers\JdhExaminationFindingsController.php
C:\wamp64\www\jootidigitalhealthcare\controllers\JdhExportlogController.php
C:\wamp64\www\jootidigitalhealthcare\controllers\JdhFacilityUnitsController.php
C:\wamp64\www\jootidigitalhealthcare\controllers\JdhInsuranceController.php
C:\wamp64\www\jootidigitalhealthcare\controllers\JdhInvoiceController.php
C:\wamp64\www\jootidigitalhealthcare\controllers\JdhInvoiceItemsController.php
C:\wamp64\www\jootidigitalhealthcare\controllers\JdhIpdAdmissionController.php
C:\wamp64\www\jootidigitalhealthcare\controllers\JdhLabIncomeController.php
C:\wamp64\www\jootidigitalhealthcare\controllers\JdhLabTestCategoriesController.php
C:\wamp64\www\jootidigitalhealthcare\controllers\JdhLabTestSubcategoriesController.php
C:\wamp64\www\jootidigitalhealthcare\controllers\JdhMedicineCategoriesController.php
C:\wamp64\www\jootidigitalhealthcare\controllers\JdhMedicineStockController.php
C:\wamp64\www\jootidigitalhealthcare\controllers\JdhMedicinesController.php
C:\wamp64\www\jootidigitalhealthcare\controllers\JdhPatientCasesController.php
C:\wamp64\www\jootidigitalhealthcare\controllers\JdhPatientQueueController.php
C:\wamp64\www\jootidigitalhealthcare\controllers\JdhPatientVisitsController.php
C:\wamp64\www\jootidigitalhealthcare\controllers\JdhPatientsController.php
C:\wamp64\www\jootidigitalhealthcare\controllers\JdhPharmacyIncomeController.php
C:\wamp64\www\jootidigitalhealthcare\controllers\JdhPrescriptionsActionsController.php
C:\wamp64\www\jootidigitalhealthcare\controllers\JdhPrescriptionsController.php
C:\wamp64\www\jootidigitalhealthcare\controllers\JdhRegistrationIncomeController.php
C:\wamp64\www\jootidigitalhealthcare\controllers\JdhRolesController.php
C:\wamp64\www\jootidigitalhealthcare\controllers\JdhServiceCategoryController.php
C:\wamp64\www\jootidigitalhealthcare\controllers\JdhServiceSubcategoryController.php
C:\wamp64\www\jootidigitalhealthcare\controllers\JdhServicesController.php
C:\wamp64\www\jootidigitalhealthcare\controllers\JdhStatusController.php
C:\wamp64\www\jootidigitalhealthcare\controllers\JdhTestReportsController.php
C:\wamp64\www\jootidigitalhealthcare\controllers\JdhTestRequestsController.php
C:\wamp64\www\jootidigitalhealthcare\controllers\JdhUsersController.php
C:\wamp64\www\jootidigitalhealthcare\controllers\JdhVisitTypesController.php
C:\wamp64\www\jootidigitalhealthcare\controllers\JdhVitalsController.php
C:\wamp64\www\jootidigitalhealthcare\controllers\JdhWardsController.php
C:\wamp64\www\jootidigitalhealthcare\controllers\OthersController.php
C:\wamp64\www\jootidigitalhealthcare\controllers\PatientAppointmentsController.php
C:\wamp64\www\jootidigitalhealthcare\controllers\PatientQueuesController.php
C:\wamp64\www\jootidigitalhealthcare\controllers\SubscriptionsController.php
C:\wamp64\www\jootidigitalhealthcare\css\ewpdf.scss
C:\wamp64\www\jootidigitalhealthcare\css\jootidigitalhealthcare.scss
C:\wamp64\www\jootidigitalhealthcare\css\query-builder.scss
C:\wamp64\www\jootidigitalhealthcare\css\tabulator_bootstrap5.scss
C:\wamp64\www\jootidigitalhealthcare\css\tempus-dominus.scss
C:\wamp64\www\jootidigitalhealthcare\files\index.html
C:\wamp64\www\jootidigitalhealthcare\index.php
C:\wamp64\www\jootidigitalhealthcare\js\eweditor.js
C:\wamp64\www\jootidigitalhealthcare\js\userevent.js
C:\wamp64\www\jootidigitalhealthcare\js\userfn.js
C:\wamp64\www\jootidigitalhealthcare\logs\index.html
C:\wamp64\www\jootidigitalhealthcare\models\Barcode.php
C:\wamp64\www\jootidigitalhealthcare\models\Captcha.php
C:\wamp64\www\jootidigitalhealthcare\models\ChangePassword.php
C:\wamp64\www\jootidigitalhealthcare\models\Dashboard2.php
C:\wamp64\www\jootidigitalhealthcare\models\JdhAppointments.php
C:\wamp64\www\jootidigitalhealthcare\models\JdhAppointmentsAdd.php
C:\wamp64\www\jootidigitalhealthcare\models\JdhAppointmentsDelete.php
C:\wamp64\www\jootidigitalhealthcare\models\JdhAppointmentsEdit.php
C:\wamp64\www\jootidigitalhealthcare\models\JdhAppointmentsGrid.php
C:\wamp64\www\jootidigitalhealthcare\models\JdhAppointmentsList.php
C:\wamp64\www\jootidigitalhealthcare\models\JdhAppointmentsView.php
C:\wamp64\www\jootidigitalhealthcare\models\JdhAudittrail.php
C:\wamp64\www\jootidigitalhealthcare\models\JdhAudittrailAdd.php
C:\wamp64\www\jootidigitalhealthcare\models\JdhAudittrailDelete.php
C:\wamp64\www\jootidigitalhealthcare\models\JdhAudittrailEdit.php
C:\wamp64\www\jootidigitalhealthcare\models\JdhAudittrailList.php
C:\wamp64\www\jootidigitalhealthcare\models\JdhAudittrailView.php
C:\wamp64\www\jootidigitalhealthcare\models\JdhBeds.php
C:\wamp64\www\jootidigitalhealthcare\models\JdhBedsAdd.php
C:\wamp64\www\jootidigitalhealthcare\models\JdhBedsDelete.php
C:\wamp64\www\jootidigitalhealthcare\models\JdhBedsEdit.php
C:\wamp64\www\jootidigitalhealthcare\models\JdhBedsList.php
C:\wamp64\www\jootidigitalhealthcare\models\JdhBedsView.php
C:\wamp64\www\jootidigitalhealthcare\models\JdhBranding.php
C:\wamp64\www\jootidigitalhealthcare\models\JdhBrandingAdd.php
C:\wamp64\www\jootidigitalhealthcare\models\JdhBrandingDelete.php
C:\wamp64\www\jootidigitalhealthcare\models\JdhBrandingEdit.php
C:\wamp64\www\jootidigitalhealthcare\models\JdhBrandingList.php
C:\wamp64\www\jootidigitalhealthcare\models\JdhBrandingView.php
C:\wamp64\www\jootidigitalhealthcare\models\JdhChiefComplaints.php
C:\wamp64\www\jootidigitalhealthcare\models\JdhChiefComplaintsAdd.php
C:\wamp64\www\jootidigitalhealthcare\models\JdhChiefComplaintsEdit.php
C:\wamp64\www\jootidigitalhealthcare\models\JdhChiefComplaintsGrid.php
C:\wamp64\www\jootidigitalhealthcare\models\JdhChiefComplaintsList.php
C:\wamp64\www\jootidigitalhealthcare\models\JdhChiefComplaintsView.php
C:\wamp64\www\jootidigitalhealthcare\models\JdhConsultationIncome.php
C:\wamp64\www\jootidigitalhealthcare\models\JdhConsultationIncomeList.php
C:\wamp64\www\jootidigitalhealthcare\models\JdhDepartments.php
C:\wamp64\www\jootidigitalhealthcare\models\JdhDepartmentsAdd.php
C:\wamp64\www\jootidigitalhealthcare\models\JdhDepartmentsDelete.php
C:\wamp64\www\jootidigitalhealthcare\models\JdhDepartmentsEdit.php
C:\wamp64\www\jootidigitalhealthcare\models\JdhDepartmentsList.php
C:\wamp64\www\jootidigitalhealthcare\models\JdhDoctorCharges.php
C:\wamp64\www\jootidigitalhealthcare\models\JdhDoctorChargesAdd.php
C:\wamp64\www\jootidigitalhealthcare\models\JdhDoctorChargesDelete.php
C:\wamp64\www\jootidigitalhealthcare\models\JdhDoctorChargesEdit.php
C:\wamp64\www\jootidigitalhealthcare\models\JdhDoctorChargesList.php
C:\wamp64\www\jootidigitalhealthcare\models\JdhDoctorChargesView.php
C:\wamp64\www\jootidigitalhealthcare\models\JdhExaminationFindings.php
C:\wamp64\www\jootidigitalhealthcare\models\JdhExaminationFindingsAdd.php
C:\wamp64\www\jootidigitalhealthcare\models\JdhExaminationFindingsDelete.php
C:\wamp64\www\jootidigitalhealthcare\models\JdhExaminationFindingsEdit.php
C:\wamp64\www\jootidigitalhealthcare\models\JdhExaminationFindingsGrid.php
C:\wamp64\www\jootidigitalhealthcare\models\JdhExaminationFindingsList.php
C:\wamp64\www\jootidigitalhealthcare\models\JdhExaminationFindingsUpdate.php
C:\wamp64\www\jootidigitalhealthcare\models\JdhExaminationFindingsView.php
C:\wamp64\www\jootidigitalhealthcare\models\JdhExportlog.php
C:\wamp64\www\jootidigitalhealthcare\models\JdhExportlogAdd.php
C:\wamp64\www\jootidigitalhealthcare\models\JdhExportlogList.php
C:\wamp64\www\jootidigitalhealthcare\models\JdhFacilityUnits.php
C:\wamp64\www\jootidigitalhealthcare\models\JdhFacilityUnitsAdd.php
C:\wamp64\www\jootidigitalhealthcare\models\JdhFacilityUnitsDelete.php
C:\wamp64\www\jootidigitalhealthcare\models\JdhFacilityUnitsEdit.php
C:\wamp64\www\jootidigitalhealthcare\models\JdhFacilityUnitsList.php
C:\wamp64\www\jootidigitalhealthcare\models\JdhInsurance.php
C:\wamp64\www\jootidigitalhealthcare\models\JdhInsuranceAdd.php
C:\wamp64\www\jootidigitalhealthcare\models\JdhInsuranceDelete.php
C:\wamp64\www\jootidigitalhealthcare\models\JdhInsuranceEdit.php
C:\wamp64\www\jootidigitalhealthcare\models\JdhInsuranceList.php
C:\wamp64\www\jootidigitalhealthcare\models\JdhInsuranceView.php
C:\wamp64\www\jootidigitalhealthcare\models\JdhInvoice.php
C:\wamp64\www\jootidigitalhealthcare\models\JdhInvoiceAdd.php
C:\wamp64\www\jootidigitalhealthcare\models\JdhInvoiceDelete.php
C:\wamp64\www\jootidigitalhealthcare\models\JdhInvoiceEdit.php
C:\wamp64\www\jootidigitalhealthcare\models\JdhInvoiceItems.php
C:\wamp64\www\jootidigitalhealthcare\models\JdhInvoiceItemsAdd.php
C:\wamp64\www\jootidigitalhealthcare\models\JdhInvoiceItemsDelete.php
C:\wamp64\www\jootidigitalhealthcare\models\JdhInvoiceItemsEdit.php
C:\wamp64\www\jootidigitalhealthcare\models\JdhInvoiceItemsGrid.php
C:\wamp64\www\jootidigitalhealthcare\models\JdhInvoiceItemsList.php
C:\wamp64\www\jootidigitalhealthcare\models\JdhInvoiceItemsView.php
C:\wamp64\www\jootidigitalhealthcare\models\JdhInvoiceList.php
C:\wamp64\www\jootidigitalhealthcare\models\JdhInvoiceView.php
C:\wamp64\www\jootidigitalhealthcare\models\JdhIpdAdmission.php
C:\wamp64\www\jootidigitalhealthcare\models\JdhIpdAdmissionAdd.php
C:\wamp64\www\jootidigitalhealthcare\models\JdhIpdAdmissionDelete.php
C:\wamp64\www\jootidigitalhealthcare\models\JdhIpdAdmissionEdit.php
C:\wamp64\www\jootidigitalhealthcare\models\JdhIpdAdmissionList.php
C:\wamp64\www\jootidigitalhealthcare\models\JdhIpdAdmissionView.php
C:\wamp64\www\jootidigitalhealthcare\models\JdhLabIncome.php
C:\wamp64\www\jootidigitalhealthcare\models\JdhLabIncomeList.php
C:\wamp64\www\jootidigitalhealthcare\models\JdhLabTestCategories.php
C:\wamp64\www\jootidigitalhealthcare\models\JdhLabTestCategoriesAdd.php
C:\wamp64\www\jootidigitalhealthcare\models\JdhLabTestCategoriesDelete.php
C:\wamp64\www\jootidigitalhealthcare\models\JdhLabTestCategoriesEdit.php
C:\wamp64\www\jootidigitalhealthcare\models\JdhLabTestCategoriesList.php
C:\wamp64\www\jootidigitalhealthcare\models\JdhLabTestCategoriesView.php
C:\wamp64\www\jootidigitalhealthcare\models\JdhLabTestSubcategories.php
C:\wamp64\www\jootidigitalhealthcare\models\JdhLabTestSubcategoriesAdd.php
C:\wamp64\www\jootidigitalhealthcare\models\JdhLabTestSubcategoriesDelete.php
C:\wamp64\www\jootidigitalhealthcare\models\JdhLabTestSubcategoriesEdit.php
C:\wamp64\www\jootidigitalhealthcare\models\JdhLabTestSubcategoriesList.php
C:\wamp64\www\jootidigitalhealthcare\models\JdhMedicineCategories.php
C:\wamp64\www\jootidigitalhealthcare\models\JdhMedicineCategoriesAdd.php
C:\wamp64\www\jootidigitalhealthcare\models\JdhMedicineCategoriesDelete.php
C:\wamp64\www\jootidigitalhealthcare\models\JdhMedicineCategoriesEdit.php
C:\wamp64\www\jootidigitalhealthcare\models\JdhMedicineCategoriesList.php
C:\wamp64\www\jootidigitalhealthcare\models\JdhMedicineCategoriesView.php
C:\wamp64\www\jootidigitalhealthcare\models\JdhMedicineStock.php
C:\wamp64\www\jootidigitalhealthcare\models\JdhMedicineStockAdd.php
C:\wamp64\www\jootidigitalhealthcare\models\JdhMedicineStockDelete.php
C:\wamp64\www\jootidigitalhealthcare\models\JdhMedicineStockEdit.php
C:\wamp64\www\jootidigitalhealthcare\models\JdhMedicineStockList.php
C:\wamp64\www\jootidigitalhealthcare\models\JdhMedicineStockView.php
C:\wamp64\www\jootidigitalhealthcare\models\JdhMedicines.php
C:\wamp64\www\jootidigitalhealthcare\models\JdhMedicinesAdd.php
C:\wamp64\www\jootidigitalhealthcare\models\JdhMedicinesDelete.php
C:\wamp64\www\jootidigitalhealthcare\models\JdhMedicinesEdit.php
C:\wamp64\www\jootidigitalhealthcare\models\JdhMedicinesList.php
C:\wamp64\www\jootidigitalhealthcare\models\JdhMedicinesView.php
C:\wamp64\www\jootidigitalhealthcare\models\JdhPatientCases.php
C:\wamp64\www\jootidigitalhealthcare\models\JdhPatientCasesAdd.php
C:\wamp64\www\jootidigitalhealthcare\models\JdhPatientCasesDelete.php
C:\wamp64\www\jootidigitalhealthcare\models\JdhPatientCasesEdit.php
C:\wamp64\www\jootidigitalhealthcare\models\JdhPatientCasesGrid.php
C:\wamp64\www\jootidigitalhealthcare\models\JdhPatientCasesList.php
C:\wamp64\www\jootidigitalhealthcare\models\JdhPatientCasesView.php
C:\wamp64\www\jootidigitalhealthcare\models\JdhPatientQueue.php
C:\wamp64\www\jootidigitalhealthcare\models\JdhPatientQueueList.php
C:\wamp64\www\jootidigitalhealthcare\models\JdhPatientVisits.php
C:\wamp64\www\jootidigitalhealthcare\models\JdhPatientVisitsAdd.php
C:\wamp64\www\jootidigitalhealthcare\models\JdhPatientVisitsGrid.php
C:\wamp64\www\jootidigitalhealthcare\models\JdhPatientVisitsList.php
C:\wamp64\www\jootidigitalhealthcare\models\JdhPatients.php
C:\wamp64\www\jootidigitalhealthcare\models\JdhPatientsAdd.php
C:\wamp64\www\jootidigitalhealthcare\models\JdhPatientsDelete.php
C:\wamp64\www\jootidigitalhealthcare\models\JdhPatientsEdit.php
C:\wamp64\www\jootidigitalhealthcare\models\JdhPatientsList.php
C:\wamp64\www\jootidigitalhealthcare\models\JdhPatientsView.php
C:\wamp64\www\jootidigitalhealthcare\models\JdhPharmacyIncome.php
C:\wamp64\www\jootidigitalhealthcare\models\JdhPharmacyIncomeList.php
C:\wamp64\www\jootidigitalhealthcare\models\JdhPharmacyIncomeView.php
C:\wamp64\www\jootidigitalhealthcare\models\JdhPrescriptions.php
C:\wamp64\www\jootidigitalhealthcare\models\JdhPrescriptionsActions.php
C:\wamp64\www\jootidigitalhealthcare\models\JdhPrescriptionsActionsAdd.php
C:\wamp64\www\jootidigitalhealthcare\models\JdhPrescriptionsActionsDelete.php
C:\wamp64\www\jootidigitalhealthcare\models\JdhPrescriptionsActionsEdit.php
C:\wamp64\www\jootidigitalhealthcare\models\JdhPrescriptionsActionsGrid.php
C:\wamp64\www\jootidigitalhealthcare\models\JdhPrescriptionsActionsList.php
C:\wamp64\www\jootidigitalhealthcare\models\JdhPrescriptionsActionsView.php
C:\wamp64\www\jootidigitalhealthcare\models\JdhPrescriptionsAdd.php
C:\wamp64\www\jootidigitalhealthcare\models\JdhPrescriptionsDelete.php
C:\wamp64\www\jootidigitalhealthcare\models\JdhPrescriptionsEdit.php
C:\wamp64\www\jootidigitalhealthcare\models\JdhPrescriptionsGrid.php
C:\wamp64\www\jootidigitalhealthcare\models\JdhPrescriptionsList.php
C:\wamp64\www\jootidigitalhealthcare\models\JdhPrescriptionsView.php
C:\wamp64\www\jootidigitalhealthcare\models\JdhRegistrationIncome.php
C:\wamp64\www\jootidigitalhealthcare\models\JdhRegistrationIncomeList.php
C:\wamp64\www\jootidigitalhealthcare\models\JdhRoles.php
C:\wamp64\www\jootidigitalhealthcare\models\JdhRolesAdd.php
C:\wamp64\www\jootidigitalhealthcare\models\JdhRolesDelete.php
C:\wamp64\www\jootidigitalhealthcare\models\JdhRolesEdit.php
C:\wamp64\www\jootidigitalhealthcare\models\JdhRolesList.php
C:\wamp64\www\jootidigitalhealthcare\models\JdhRolesView.php
C:\wamp64\www\jootidigitalhealthcare\models\JdhServiceCategory.php
C:\wamp64\www\jootidigitalhealthcare\models\JdhServiceCategoryAdd.php
C:\wamp64\www\jootidigitalhealthcare\models\JdhServiceCategoryDelete.php
C:\wamp64\www\jootidigitalhealthcare\models\JdhServiceCategoryEdit.php
C:\wamp64\www\jootidigitalhealthcare\models\JdhServiceCategoryList.php
C:\wamp64\www\jootidigitalhealthcare\models\JdhServiceCategoryView.php
C:\wamp64\www\jootidigitalhealthcare\models\JdhServiceSubcategory.php
C:\wamp64\www\jootidigitalhealthcare\models\JdhServiceSubcategoryAdd.php
C:\wamp64\www\jootidigitalhealthcare\models\JdhServiceSubcategoryDelete.php
C:\wamp64\www\jootidigitalhealthcare\models\JdhServiceSubcategoryEdit.php
C:\wamp64\www\jootidigitalhealthcare\models\JdhServiceSubcategoryList.php
C:\wamp64\www\jootidigitalhealthcare\models\JdhServiceSubcategoryView.php
C:\wamp64\www\jootidigitalhealthcare\models\JdhServices.php
C:\wamp64\www\jootidigitalhealthcare\models\JdhServicesAdd.php
C:\wamp64\www\jootidigitalhealthcare\models\JdhServicesDelete.php
C:\wamp64\www\jootidigitalhealthcare\models\JdhServicesEdit.php
C:\wamp64\www\jootidigitalhealthcare\models\JdhServicesList.php
C:\wamp64\www\jootidigitalhealthcare\models\JdhServicesView.php
C:\wamp64\www\jootidigitalhealthcare\models\JdhStatus.php
C:\wamp64\www\jootidigitalhealthcare\models\JdhStatusAdd.php
C:\wamp64\www\jootidigitalhealthcare\models\JdhStatusDelete.php
C:\wamp64\www\jootidigitalhealthcare\models\JdhStatusEdit.php
C:\wamp64\www\jootidigitalhealthcare\models\JdhStatusList.php
C:\wamp64\www\jootidigitalhealthcare\models\JdhStatusView.php
C:\wamp64\www\jootidigitalhealthcare\models\JdhTestReports.php
C:\wamp64\www\jootidigitalhealthcare\models\JdhTestReportsAdd.php
C:\wamp64\www\jootidigitalhealthcare\models\JdhTestReportsDelete.php
C:\wamp64\www\jootidigitalhealthcare\models\JdhTestReportsEdit.php
C:\wamp64\www\jootidigitalhealthcare\models\JdhTestReportsGrid.php
C:\wamp64\www\jootidigitalhealthcare\models\JdhTestReportsList.php
C:\wamp64\www\jootidigitalhealthcare\models\JdhTestReportsView.php
C:\wamp64\www\jootidigitalhealthcare\models\JdhTestRequests.php
C:\wamp64\www\jootidigitalhealthcare\models\JdhTestRequestsAdd.php
C:\wamp64\www\jootidigitalhealthcare\models\JdhTestRequestsDelete.php
C:\wamp64\www\jootidigitalhealthcare\models\JdhTestRequestsEdit.php
C:\wamp64\www\jootidigitalhealthcare\models\JdhTestRequestsGrid.php
C:\wamp64\www\jootidigitalhealthcare\models\JdhTestRequestsList.php
C:\wamp64\www\jootidigitalhealthcare\models\JdhTestRequestsView.php
C:\wamp64\www\jootidigitalhealthcare\models\JdhUsers.php
C:\wamp64\www\jootidigitalhealthcare\models\JdhUsersAdd.php
C:\wamp64\www\jootidigitalhealthcare\models\JdhUsersDelete.php
C:\wamp64\www\jootidigitalhealthcare\models\JdhUsersEdit.php
C:\wamp64\www\jootidigitalhealthcare\models\JdhUsersList.php
C:\wamp64\www\jootidigitalhealthcare\models\JdhUsersView.php
C:\wamp64\www\jootidigitalhealthcare\models\JdhVisitTypes.php
C:\wamp64\www\jootidigitalhealthcare\models\JdhVisitTypesAdd.php
C:\wamp64\www\jootidigitalhealthcare\models\JdhVisitTypesDelete.php
C:\wamp64\www\jootidigitalhealthcare\models\JdhVisitTypesEdit.php
C:\wamp64\www\jootidigitalhealthcare\models\JdhVisitTypesList.php
C:\wamp64\www\jootidigitalhealthcare\models\JdhVisitTypesView.php
C:\wamp64\www\jootidigitalhealthcare\models\JdhVitals.php
C:\wamp64\www\jootidigitalhealthcare\models\JdhVitalsAdd.php
C:\wamp64\www\jootidigitalhealthcare\models\JdhVitalsDelete.php
C:\wamp64\www\jootidigitalhealthcare\models\JdhVitalsEdit.php
C:\wamp64\www\jootidigitalhealthcare\models\JdhVitalsGrid.php
C:\wamp64\www\jootidigitalhealthcare\models\JdhVitalsList.php
C:\wamp64\www\jootidigitalhealthcare\models\JdhVitalsView.php
C:\wamp64\www\jootidigitalhealthcare\models\JdhWards.php
C:\wamp64\www\jootidigitalhealthcare\models\JdhWardsAdd.php
C:\wamp64\www\jootidigitalhealthcare\models\JdhWardsDelete.php
C:\wamp64\www\jootidigitalhealthcare\models\JdhWardsEdit.php
C:\wamp64\www\jootidigitalhealthcare\models\JdhWardsList.php
C:\wamp64\www\jootidigitalhealthcare\models\JdhWardsView.php
C:\wamp64\www\jootidigitalhealthcare\models\Login.php
C:\wamp64\www\jootidigitalhealthcare\models\Logout.php
C:\wamp64\www\jootidigitalhealthcare\models\PatientAppointments.php
C:\wamp64\www\jootidigitalhealthcare\models\PatientAppointmentsAdd.php
C:\wamp64\www\jootidigitalhealthcare\models\PatientAppointmentsCalendar.php
C:\wamp64\www\jootidigitalhealthcare\models\PatientAppointmentsDelete.php
C:\wamp64\www\jootidigitalhealthcare\models\PatientAppointmentsEdit.php
C:\wamp64\www\jootidigitalhealthcare\models\PatientAppointmentsView.php
C:\wamp64\www\jootidigitalhealthcare\models\PatientQueues.php
C:\wamp64\www\jootidigitalhealthcare\models\PatientQueuesSummary.php
C:\wamp64\www\jootidigitalhealthcare\models\PersonalData.php
C:\wamp64\www\jootidigitalhealthcare\models\ResetPassword.php
C:\wamp64\www\jootidigitalhealthcare\models\Subscriptions.php
C:\wamp64\www\jootidigitalhealthcare\models\SubscriptionsAdd.php
C:\wamp64\www\jootidigitalhealthcare\models\SubscriptionsDelete.php
C:\wamp64\www\jootidigitalhealthcare\models\SubscriptionsEdit.php
C:\wamp64\www\jootidigitalhealthcare\models\SubscriptionsList.php
C:\wamp64\www\jootidigitalhealthcare\models\SubscriptionsView.php
C:\wamp64\www\jootidigitalhealthcare\package.json
C:\wamp64\www\jootidigitalhealthcare\src\AbstractController.php
C:\wamp64\www\jootidigitalhealthcare\src\AbstractEntity.php
C:\wamp64\www\jootidigitalhealthcare\src\AbstractExport.php
C:\wamp64\www\jootidigitalhealthcare\src\AbstractExportBase.php
C:\wamp64\www\jootidigitalhealthcare\src\AbstractTwoFactorAuthentication.php
C:\wamp64\www\jootidigitalhealthcare\src\AdvancedFilter.php
C:\wamp64\www\jootidigitalhealthcare\src\AdvancedSearch.php
C:\wamp64\www\jootidigitalhealthcare\src\AdvancedSecurity.php
C:\wamp64\www\jootidigitalhealthcare\src\Allow.php
C:\wamp64\www\jootidigitalhealthcare\src\ApiActionEvent.php
C:\wamp64\www\jootidigitalhealthcare\src\ApiPermissionMiddleware.php
C:\wamp64\www\jootidigitalhealthcare\src\Attributes.php
C:\wamp64\www\jootidigitalhealthcare\src\Attributes\Delete.php
C:\wamp64\www\jootidigitalhealthcare\src\Attributes\Get.php
C:\wamp64\www\jootidigitalhealthcare\src\Attributes\Map.php
C:\wamp64\www\jootidigitalhealthcare\src\Attributes\Options.php
C:\wamp64\www\jootidigitalhealthcare\src\Attributes\Patch.php
C:\wamp64\www\jootidigitalhealthcare\src\Attributes\Post.php
C:\wamp64\www\jootidigitalhealthcare\src\Attributes\Put.php
C:\wamp64\www\jootidigitalhealthcare\src\AuditTrailHandler.php
C:\wamp64\www\jootidigitalhealthcare\src\AzureAD.php
C:\wamp64\www\jootidigitalhealthcare\src\BasicSearch.php
C:\wamp64\www\jootidigitalhealthcare\src\Breadcrumb.php
C:\wamp64\www\jootidigitalhealthcare\src\BytesType.php
C:\wamp64\www\jootidigitalhealthcare\src\CaptchaBase.php
C:\wamp64\www\jootidigitalhealthcare\src\CaptchaInterface.php
C:\wamp64\www\jootidigitalhealthcare\src\ChartExporter.php
C:\wamp64\www\jootidigitalhealthcare\src\ChartJsRenderer.php
C:\wamp64\www\jootidigitalhealthcare\src\ChartRendererInterface.php
C:\wamp64\www\jootidigitalhealthcare\src\ChartTypes.php
C:\wamp64\www\jootidigitalhealthcare\src\ConfigurationEvent.php
C:\wamp64\www\jootidigitalhealthcare\src\ContainerBuildEvent.php
C:\wamp64\www\jootidigitalhealthcare\src\CorsMiddleware.php
C:\wamp64\www\jootidigitalhealthcare\src\CrosstabColumn.php
C:\wamp64\www\jootidigitalhealthcare\src\CrosstabTable.php
C:\wamp64\www\jootidigitalhealthcare\src\CustomUploadHandler.php
C:\wamp64\www\jootidigitalhealthcare\src\DataType.php
C:\wamp64\www\jootidigitalhealthcare\src\DatabaseConnectedEvent.php
C:\wamp64\www\jootidigitalhealthcare\src\DatabaseConnectingEvent.php
C:\wamp64\www\jootidigitalhealthcare\src\DbChart.php
C:\wamp64\www\jootidigitalhealthcare\src\DbField.php
C:\wamp64\www\jootidigitalhealthcare\src\DbTable.php
C:\wamp64\www\jootidigitalhealthcare\src\DbTableBase.php
C:\wamp64\www\jootidigitalhealthcare\src\DebugSqlLogger.php
C:\wamp64\www\jootidigitalhealthcare\src\Email.php
C:\wamp64\www\jootidigitalhealthcare\src\EmailTwoFactorAuthentication.php
C:\wamp64\www\jootidigitalhealthcare\src\EntityDescriptor.php
C:\wamp64\www\jootidigitalhealthcare\src\Entity\JdhAppointment.php
C:\wamp64\www\jootidigitalhealthcare\src\Entity\JdhAudittrail.php
C:\wamp64\www\jootidigitalhealthcare\src\Entity\JdhBed.php
C:\wamp64\www\jootidigitalhealthcare\src\Entity\JdhBranding.php
C:\wamp64\www\jootidigitalhealthcare\src\Entity\JdhChiefComplaint.php
C:\wamp64\www\jootidigitalhealthcare\src\Entity\JdhConsultationIncome.php
C:\wamp64\www\jootidigitalhealthcare\src\Entity\JdhDepartment.php
C:\wamp64\www\jootidigitalhealthcare\src\Entity\JdhDoctorCharge.php
C:\wamp64\www\jootidigitalhealthcare\src\Entity\JdhExaminationFinding.php
C:\wamp64\www\jootidigitalhealthcare\src\Entity\JdhExportlog.php
C:\wamp64\www\jootidigitalhealthcare\src\Entity\JdhFacilityUnit.php
C:\wamp64\www\jootidigitalhealthcare\src\Entity\JdhInsurance.php
C:\wamp64\www\jootidigitalhealthcare\src\Entity\JdhInvoice.php
C:\wamp64\www\jootidigitalhealthcare\src\Entity\JdhInvoiceItem.php
C:\wamp64\www\jootidigitalhealthcare\src\Entity\JdhIpdAdmission.php
C:\wamp64\www\jootidigitalhealthcare\src\Entity\JdhLabIncome.php
C:\wamp64\www\jootidigitalhealthcare\src\Entity\JdhLabTestCategory.php
C:\wamp64\www\jootidigitalhealthcare\src\Entity\JdhLabTestSubcategory.php
C:\wamp64\www\jootidigitalhealthcare\src\Entity\JdhMedicine.php
C:\wamp64\www\jootidigitalhealthcare\src\Entity\JdhMedicineCategory.php
C:\wamp64\www\jootidigitalhealthcare\src\Entity\JdhMedicineStock.php
C:\wamp64\www\jootidigitalhealthcare\src\Entity\JdhPatient.php
C:\wamp64\www\jootidigitalhealthcare\src\Entity\JdhPatientCase.php
C:\wamp64\www\jootidigitalhealthcare\src\Entity\JdhPatientQueue.php
C:\wamp64\www\jootidigitalhealthcare\src\Entity\JdhPatientVisit.php
C:\wamp64\www\jootidigitalhealthcare\src\Entity\JdhPharmacyIncome.php
C:\wamp64\www\jootidigitalhealthcare\src\Entity\JdhPrescription.php
C:\wamp64\www\jootidigitalhealthcare\src\Entity\JdhPrescriptionsAction.php
C:\wamp64\www\jootidigitalhealthcare\src\Entity\JdhRegistrationIncome.php
C:\wamp64\www\jootidigitalhealthcare\src\Entity\JdhRole.php
C:\wamp64\www\jootidigitalhealthcare\src\Entity\JdhService.php
C:\wamp64\www\jootidigitalhealthcare\src\Entity\JdhServiceCategory.php
C:\wamp64\www\jootidigitalhealthcare\src\Entity\JdhServiceSubcategory.php
C:\wamp64\www\jootidigitalhealthcare\src\Entity\JdhStatus.php
C:\wamp64\www\jootidigitalhealthcare\src\Entity\JdhTestReport.php
C:\wamp64\www\jootidigitalhealthcare\src\Entity\JdhTestRequest.php
C:\wamp64\www\jootidigitalhealthcare\src\Entity\JdhUser.php
C:\wamp64\www\jootidigitalhealthcare\src\Entity\JdhVisitType.php
C:\wamp64\www\jootidigitalhealthcare\src\Entity\JdhVital.php
C:\wamp64\www\jootidigitalhealthcare\src\Entity\JdhWard.php
C:\wamp64\www\jootidigitalhealthcare\src\Entity\Subscription.php
C:\wamp64\www\jootidigitalhealthcare\src\ExportCsv.php
C:\wamp64\www\jootidigitalhealthcare\src\ExportEmail.php
C:\wamp64\www\jootidigitalhealthcare\src\ExportExcel.php
C:\wamp64\www\jootidigitalhealthcare\src\ExportHandler.php
C:\wamp64\www\jootidigitalhealthcare\src\ExportHtml.php
C:\wamp64\www\jootidigitalhealthcare\src\ExportJson.php
C:\wamp64\www\jootidigitalhealthcare\src\ExportPdf.php
C:\wamp64\www\jootidigitalhealthcare\src\ExportWord.php
C:\wamp64\www\jootidigitalhealthcare\src\ExportXml.php
C:\wamp64\www\jootidigitalhealthcare\src\FileUploadHandler.php
C:\wamp64\www\jootidigitalhealthcare\src\FileViewer.php
C:\wamp64\www\jootidigitalhealthcare\src\ForceLogoutUserAction.php
C:\wamp64\www\jootidigitalhealthcare\src\GeographyType.php
C:\wamp64\www\jootidigitalhealthcare\src\GeometryType.php
C:\wamp64\www\jootidigitalhealthcare\src\HierarchyIdType.php
C:\wamp64\www\jootidigitalhealthcare\src\HttpErrorHandler.php
C:\wamp64\www\jootidigitalhealthcare\src\HttpForm.php
C:\wamp64\www\jootidigitalhealthcare\src\HttpServiceUnavailableException.php
C:\wamp64\www\jootidigitalhealthcare\src\HttpSession.php
C:\wamp64\www\jootidigitalhealthcare\src\HttpUpload.php
C:\wamp64\www\jootidigitalhealthcare\src\JwtMiddleware.php
C:\wamp64\www\jootidigitalhealthcare\src\Language.php
C:\wamp64\www\jootidigitalhealthcare\src\LanguageLoadEvent.php
C:\wamp64\www\jootidigitalhealthcare\src\LaravelSessionMiddleware.php
C:\wamp64\www\jootidigitalhealthcare\src\LdapConn.php
C:\wamp64\www\jootidigitalhealthcare\src\ListAction.php
C:\wamp64\www\jootidigitalhealthcare\src\ListActions.php
C:\wamp64\www\jootidigitalhealthcare\src\ListOption.php
C:\wamp64\www\jootidigitalhealthcare\src\ListOptions.php
C:\wamp64\www\jootidigitalhealthcare\src\ListOptionsArray.php
C:\wamp64\www\jootidigitalhealthcare\src\LoginStatusEvent.php
C:\wamp64\www\jootidigitalhealthcare\src\Lookup.php
C:\wamp64\www\jootidigitalhealthcare\src\MaintenanceMiddleware.php
C:\wamp64\www\jootidigitalhealthcare\src\Menu.php
C:\wamp64\www\jootidigitalhealthcare\src\MenuItem.php
C:\wamp64\www\jootidigitalhealthcare\src\MenuItemAddingEvent.php
C:\wamp64\www\jootidigitalhealthcare\src\MenuRenderedEvent.php
C:\wamp64\www\jootidigitalhealthcare\src\MenuRenderingEvent.php
C:\wamp64\www\jootidigitalhealthcare\src\MessagesTrait.php
C:\wamp64\www\jootidigitalhealthcare\src\NumericPager.php
C:\wamp64\www\jootidigitalhealthcare\src\OptionValues.php
C:\wamp64\www\jootidigitalhealthcare\src\PageLoadingEvent.php
C:\wamp64\www\jootidigitalhealthcare\src\PageRenderingEvent.php
C:\wamp64\www\jootidigitalhealthcare\src\PageUnloadedEvent.php
C:\wamp64\www\jootidigitalhealthcare\src\Pager.php
C:\wamp64\www\jootidigitalhealthcare\src\PagerItem.php
C:\wamp64\www\jootidigitalhealthcare\src\PasswordHash.php
C:\wamp64\www\jootidigitalhealthcare\src\PermissionMiddleware.php
C:\wamp64\www\jootidigitalhealthcare\src\PhpBarcode.php
C:\wamp64\www\jootidigitalhealthcare\src\PhpCaptcha.php
C:\wamp64\www\jootidigitalhealthcare\src\PhpEncryption.php
C:\wamp64\www\jootidigitalhealthcare\src\PragmaRxTwoFactorAuthentication.php
C:\wamp64\www\jootidigitalhealthcare\src\PrevNextPager.php
C:\wamp64\www\jootidigitalhealthcare\src\PushNotification.php
C:\wamp64\www\jootidigitalhealthcare\src\ReportField.php
C:\wamp64\www\jootidigitalhealthcare\src\ReportTable.php
C:\wamp64\www\jootidigitalhealthcare\src\ResendRegisterEmailAction.php
C:\wamp64\www\jootidigitalhealthcare\src\ResetConcurrentUserAction.php
C:\wamp64\www\jootidigitalhealthcare\src\ResetLoginRetryAction.php
C:\wamp64\www\jootidigitalhealthcare\src\ResetUserSecretAction.php
C:\wamp64\www\jootidigitalhealthcare\src\RouteActionEvent.php
C:\wamp64\www\jootidigitalhealthcare\src\RouteAttributes.php
C:\wamp64\www\jootidigitalhealthcare\src\RowSummary.php
C:\wamp64\www\jootidigitalhealthcare\src\RowTotal.php
C:\wamp64\www\jootidigitalhealthcare\src\RowType.php
C:\wamp64\www\jootidigitalhealthcare\src\Saml2.php
C:\wamp64\www\jootidigitalhealthcare\src\SessionHandler.php
C:\wamp64\www\jootidigitalhealthcare\src\SetPasswordExpiredAction.php
C:\wamp64\www\jootidigitalhealthcare\src\Sms.php
C:\wamp64\www\jootidigitalhealthcare\src\SmsTwoFactorAuthentication.php
C:\wamp64\www\jootidigitalhealthcare\src\SsoStateSessionStore.php
C:\wamp64\www\jootidigitalhealthcare\src\SubPage.php
C:\wamp64\www\jootidigitalhealthcare\src\SubPages.php
C:\wamp64\www\jootidigitalhealthcare\src\SummaryField.php
C:\wamp64\www\jootidigitalhealthcare\src\Timer.php
C:\wamp64\www\jootidigitalhealthcare\src\TwoFactorAuthenticationInterface.php
C:\wamp64\www\jootidigitalhealthcare\src\UploadHandler.php
C:\wamp64\www\jootidigitalhealthcare\src\UserProfile.php
C:\wamp64\www\jootidigitalhealthcare\src\XmlDocument.php
C:\wamp64\www\jootidigitalhealthcare\src\apiroutes.php
C:\wamp64\www\jootidigitalhealthcare\src\config.development.php
C:\wamp64\www\jootidigitalhealthcare\src\config.php
C:\wamp64\www\jootidigitalhealthcare\src\config.production.php
C:\wamp64\www\jootidigitalhealthcare\src\constants.php
C:\wamp64\www\jootidigitalhealthcare\src\definitions.php
C:\wamp64\www\jootidigitalhealthcare\src\phpfn.php
C:\wamp64\www\jootidigitalhealthcare\src\routes.php
C:\wamp64\www\jootidigitalhealthcare\src\userfn.php
C:\wamp64\www\jootidigitalhealthcare\src\userlevelsettings.php
C:\wamp64\www\jootidigitalhealthcare\sw.js
C:\wamp64\www\jootidigitalhealthcare\views\ChangePassword.php
C:\wamp64\www\jootidigitalhealthcare\views\Dashboard2.php
C:\wamp64\www\jootidigitalhealthcare\views\Error.php
C:\wamp64\www\jootidigitalhealthcare\views\JdhAppointmentsAdd.php
C:\wamp64\www\jootidigitalhealthcare\views\JdhAppointmentsDelete.php
C:\wamp64\www\jootidigitalhealthcare\views\JdhAppointmentsEdit.php
C:\wamp64\www\jootidigitalhealthcare\views\JdhAppointmentsGrid.php
C:\wamp64\www\jootidigitalhealthcare\views\JdhAppointmentsList.php
C:\wamp64\www\jootidigitalhealthcare\views\JdhAppointmentsView.php
C:\wamp64\www\jootidigitalhealthcare\views\JdhAudittrailAdd.php
C:\wamp64\www\jootidigitalhealthcare\views\JdhAudittrailDelete.php
C:\wamp64\www\jootidigitalhealthcare\views\JdhAudittrailEdit.php
C:\wamp64\www\jootidigitalhealthcare\views\JdhAudittrailList.php
C:\wamp64\www\jootidigitalhealthcare\views\JdhAudittrailView.php
C:\wamp64\www\jootidigitalhealthcare\views\JdhBedsAdd.php
C:\wamp64\www\jootidigitalhealthcare\views\JdhBedsDelete.php
C:\wamp64\www\jootidigitalhealthcare\views\JdhBedsEdit.php
C:\wamp64\www\jootidigitalhealthcare\views\JdhBedsList.php
C:\wamp64\www\jootidigitalhealthcare\views\JdhBedsView.php
C:\wamp64\www\jootidigitalhealthcare\views\JdhBrandingAdd.php
C:\wamp64\www\jootidigitalhealthcare\views\JdhBrandingDelete.php
C:\wamp64\www\jootidigitalhealthcare\views\JdhBrandingEdit.php
C:\wamp64\www\jootidigitalhealthcare\views\JdhBrandingList.php
C:\wamp64\www\jootidigitalhealthcare\views\JdhBrandingView.php
C:\wamp64\www\jootidigitalhealthcare\views\JdhChiefComplaintsAdd.php
C:\wamp64\www\jootidigitalhealthcare\views\JdhChiefComplaintsEdit.php
C:\wamp64\www\jootidigitalhealthcare\views\JdhChiefComplaintsGrid.php
C:\wamp64\www\jootidigitalhealthcare\views\JdhChiefComplaintsList.php
C:\wamp64\www\jootidigitalhealthcare\views\JdhChiefComplaintsView.php
C:\wamp64\www\jootidigitalhealthcare\views\JdhConsultationIncomeList.php
C:\wamp64\www\jootidigitalhealthcare\views\JdhDepartmentsAdd.php
C:\wamp64\www\jootidigitalhealthcare\views\JdhDepartmentsDelete.php
C:\wamp64\www\jootidigitalhealthcare\views\JdhDepartmentsEdit.php
C:\wamp64\www\jootidigitalhealthcare\views\JdhDepartmentsList.php
C:\wamp64\www\jootidigitalhealthcare\views\JdhDoctorChargesAdd.php
C:\wamp64\www\jootidigitalhealthcare\views\JdhDoctorChargesDelete.php
C:\wamp64\www\jootidigitalhealthcare\views\JdhDoctorChargesEdit.php
C:\wamp64\www\jootidigitalhealthcare\views\JdhDoctorChargesList.php
C:\wamp64\www\jootidigitalhealthcare\views\JdhDoctorChargesView.php
C:\wamp64\www\jootidigitalhealthcare\views\JdhExaminationFindingsAdd.php
C:\wamp64\www\jootidigitalhealthcare\views\JdhExaminationFindingsDelete.php
C:\wamp64\www\jootidigitalhealthcare\views\JdhExaminationFindingsEdit.php
C:\wamp64\www\jootidigitalhealthcare\views\JdhExaminationFindingsGrid.php
C:\wamp64\www\jootidigitalhealthcare\views\JdhExaminationFindingsList.php
C:\wamp64\www\jootidigitalhealthcare\views\JdhExaminationFindingsUpdate.php
C:\wamp64\www\jootidigitalhealthcare\views\JdhExaminationFindingsView.php
C:\wamp64\www\jootidigitalhealthcare\views\JdhExportlogAdd.php
C:\wamp64\www\jootidigitalhealthcare\views\JdhExportlogList.php
C:\wamp64\www\jootidigitalhealthcare\views\JdhFacilityUnitsAdd.php
C:\wamp64\www\jootidigitalhealthcare\views\JdhFacilityUnitsDelete.php
C:\wamp64\www\jootidigitalhealthcare\views\JdhFacilityUnitsEdit.php
C:\wamp64\www\jootidigitalhealthcare\views\JdhFacilityUnitsList.php
C:\wamp64\www\jootidigitalhealthcare\views\JdhInsuranceAdd.php
C:\wamp64\www\jootidigitalhealthcare\views\JdhInsuranceDelete.php
C:\wamp64\www\jootidigitalhealthcare\views\JdhInsuranceEdit.php
C:\wamp64\www\jootidigitalhealthcare\views\JdhInsuranceList.php
C:\wamp64\www\jootidigitalhealthcare\views\JdhInsuranceView.php
C:\wamp64\www\jootidigitalhealthcare\views\JdhInvoiceAdd.php
C:\wamp64\www\jootidigitalhealthcare\views\JdhInvoiceDelete.php
C:\wamp64\www\jootidigitalhealthcare\views\JdhInvoiceEdit.php
C:\wamp64\www\jootidigitalhealthcare\views\JdhInvoiceItemsAdd.php
C:\wamp64\www\jootidigitalhealthcare\views\JdhInvoiceItemsDelete.php
C:\wamp64\www\jootidigitalhealthcare\views\JdhInvoiceItemsEdit.php
C:\wamp64\www\jootidigitalhealthcare\views\JdhInvoiceItemsGrid.php
C:\wamp64\www\jootidigitalhealthcare\views\JdhInvoiceItemsList.php
C:\wamp64\www\jootidigitalhealthcare\views\JdhInvoiceItemsView.php
C:\wamp64\www\jootidigitalhealthcare\views\JdhInvoiceList.php
C:\wamp64\www\jootidigitalhealthcare\views\JdhInvoiceMaster.php
C:\wamp64\www\jootidigitalhealthcare\views\JdhInvoiceView.php
C:\wamp64\www\jootidigitalhealthcare\views\JdhIpdAdmissionAdd.php
C:\wamp64\www\jootidigitalhealthcare\views\JdhIpdAdmissionDelete.php
C:\wamp64\www\jootidigitalhealthcare\views\JdhIpdAdmissionEdit.php
C:\wamp64\www\jootidigitalhealthcare\views\JdhIpdAdmissionList.php
C:\wamp64\www\jootidigitalhealthcare\views\JdhIpdAdmissionView.php
C:\wamp64\www\jootidigitalhealthcare\views\JdhLabIncomeList.php
C:\wamp64\www\jootidigitalhealthcare\views\JdhLabTestCategoriesAdd.php
C:\wamp64\www\jootidigitalhealthcare\views\JdhLabTestCategoriesDelete.php
C:\wamp64\www\jootidigitalhealthcare\views\JdhLabTestCategoriesEdit.php
C:\wamp64\www\jootidigitalhealthcare\views\JdhLabTestCategoriesList.php
C:\wamp64\www\jootidigitalhealthcare\views\JdhLabTestCategoriesView.php
C:\wamp64\www\jootidigitalhealthcare\views\JdhLabTestSubcategoriesAdd.php
C:\wamp64\www\jootidigitalhealthcare\views\JdhLabTestSubcategoriesDelete.php
C:\wamp64\www\jootidigitalhealthcare\views\JdhLabTestSubcategoriesEdit.php
C:\wamp64\www\jootidigitalhealthcare\views\JdhLabTestSubcategoriesList.php
C:\wamp64\www\jootidigitalhealthcare\views\JdhMedicineCategoriesAdd.php
C:\wamp64\www\jootidigitalhealthcare\views\JdhMedicineCategoriesDelete.php
C:\wamp64\www\jootidigitalhealthcare\views\JdhMedicineCategoriesEdit.php
C:\wamp64\www\jootidigitalhealthcare\views\JdhMedicineCategoriesList.php
C:\wamp64\www\jootidigitalhealthcare\views\JdhMedicineCategoriesView.php
C:\wamp64\www\jootidigitalhealthcare\views\JdhMedicineStockAdd.php
C:\wamp64\www\jootidigitalhealthcare\views\JdhMedicineStockDelete.php
C:\wamp64\www\jootidigitalhealthcare\views\JdhMedicineStockEdit.php
C:\wamp64\www\jootidigitalhealthcare\views\JdhMedicineStockList.php
C:\wamp64\www\jootidigitalhealthcare\views\JdhMedicineStockView.php
C:\wamp64\www\jootidigitalhealthcare\views\JdhMedicinesAdd.php
C:\wamp64\www\jootidigitalhealthcare\views\JdhMedicinesDelete.php
C:\wamp64\www\jootidigitalhealthcare\views\JdhMedicinesEdit.php
C:\wamp64\www\jootidigitalhealthcare\views\JdhMedicinesList.php
C:\wamp64\www\jootidigitalhealthcare\views\JdhMedicinesView.php
C:\wamp64\www\jootidigitalhealthcare\views\JdhPatientCasesAdd.php
C:\wamp64\www\jootidigitalhealthcare\views\JdhPatientCasesDelete.php
C:\wamp64\www\jootidigitalhealthcare\views\JdhPatientCasesEdit.php
C:\wamp64\www\jootidigitalhealthcare\views\JdhPatientCasesGrid.php
C:\wamp64\www\jootidigitalhealthcare\views\JdhPatientCasesList.php
C:\wamp64\www\jootidigitalhealthcare\views\JdhPatientCasesView.php
C:\wamp64\www\jootidigitalhealthcare\views\JdhPatientQueueList.php
C:\wamp64\www\jootidigitalhealthcare\views\JdhPatientVisitsAdd.php
C:\wamp64\www\jootidigitalhealthcare\views\JdhPatientVisitsGrid.php
C:\wamp64\www\jootidigitalhealthcare\views\JdhPatientVisitsList.php
C:\wamp64\www\jootidigitalhealthcare\views\JdhPatientsAdd.php
C:\wamp64\www\jootidigitalhealthcare\views\JdhPatientsDelete.php
C:\wamp64\www\jootidigitalhealthcare\views\JdhPatientsEdit.php
C:\wamp64\www\jootidigitalhealthcare\views\JdhPatientsList.php
C:\wamp64\www\jootidigitalhealthcare\views\JdhPatientsMaster.php
C:\wamp64\www\jootidigitalhealthcare\views\JdhPatientsView.php
C:\wamp64\www\jootidigitalhealthcare\views\JdhPharmacyIncomeList.php
C:\wamp64\www\jootidigitalhealthcare\views\JdhPharmacyIncomeView.php
C:\wamp64\www\jootidigitalhealthcare\views\JdhPrescriptionsActionsAdd.php
C:\wamp64\www\jootidigitalhealthcare\views\JdhPrescriptionsActionsDelete.php
C:\wamp64\www\jootidigitalhealthcare\views\JdhPrescriptionsActionsEdit.php
C:\wamp64\www\jootidigitalhealthcare\views\JdhPrescriptionsActionsGrid.php
C:\wamp64\www\jootidigitalhealthcare\views\JdhPrescriptionsActionsList.php
C:\wamp64\www\jootidigitalhealthcare\views\JdhPrescriptionsActionsView.php
C:\wamp64\www\jootidigitalhealthcare\views\JdhPrescriptionsAdd.php
C:\wamp64\www\jootidigitalhealthcare\views\JdhPrescriptionsDelete.php
C:\wamp64\www\jootidigitalhealthcare\views\JdhPrescriptionsEdit.php
C:\wamp64\www\jootidigitalhealthcare\views\JdhPrescriptionsGrid.php
C:\wamp64\www\jootidigitalhealthcare\views\JdhPrescriptionsList.php
C:\wamp64\www\jootidigitalhealthcare\views\JdhPrescriptionsView.php
C:\wamp64\www\jootidigitalhealthcare\views\JdhRegistrationIncomeList.php
C:\wamp64\www\jootidigitalhealthcare\views\JdhRolesAdd.php
C:\wamp64\www\jootidigitalhealthcare\views\JdhRolesDelete.php
C:\wamp64\www\jootidigitalhealthcare\views\JdhRolesEdit.php
C:\wamp64\www\jootidigitalhealthcare\views\JdhRolesList.php
C:\wamp64\www\jootidigitalhealthcare\views\JdhRolesView.php
C:\wamp64\www\jootidigitalhealthcare\views\JdhServiceCategoryAdd.php
C:\wamp64\www\jootidigitalhealthcare\views\JdhServiceCategoryDelete.php
C:\wamp64\www\jootidigitalhealthcare\views\JdhServiceCategoryEdit.php
C:\wamp64\www\jootidigitalhealthcare\views\JdhServiceCategoryList.php
C:\wamp64\www\jootidigitalhealthcare\views\JdhServiceCategoryView.php
C:\wamp64\www\jootidigitalhealthcare\views\JdhServiceSubcategoryAdd.php
C:\wamp64\www\jootidigitalhealthcare\views\JdhServiceSubcategoryDelete.php
C:\wamp64\www\jootidigitalhealthcare\views\JdhServiceSubcategoryEdit.php
C:\wamp64\www\jootidigitalhealthcare\views\JdhServiceSubcategoryList.php
C:\wamp64\www\jootidigitalhealthcare\views\JdhServiceSubcategoryView.php
C:\wamp64\www\jootidigitalhealthcare\views\JdhServicesAdd.php
C:\wamp64\www\jootidigitalhealthcare\views\JdhServicesDelete.php
C:\wamp64\www\jootidigitalhealthcare\views\JdhServicesEdit.php
C:\wamp64\www\jootidigitalhealthcare\views\JdhServicesList.php
C:\wamp64\www\jootidigitalhealthcare\views\JdhServicesView.php
C:\wamp64\www\jootidigitalhealthcare\views\JdhStatusAdd.php
C:\wamp64\www\jootidigitalhealthcare\views\JdhStatusDelete.php
C:\wamp64\www\jootidigitalhealthcare\views\JdhStatusEdit.php
C:\wamp64\www\jootidigitalhealthcare\views\JdhStatusList.php
C:\wamp64\www\jootidigitalhealthcare\views\JdhStatusView.php
C:\wamp64\www\jootidigitalhealthcare\views\JdhTestReportsAdd.php
C:\wamp64\www\jootidigitalhealthcare\views\JdhTestReportsDelete.php
C:\wamp64\www\jootidigitalhealthcare\views\JdhTestReportsEdit.php
C:\wamp64\www\jootidigitalhealthcare\views\JdhTestReportsGrid.php
C:\wamp64\www\jootidigitalhealthcare\views\JdhTestReportsList.php
C:\wamp64\www\jootidigitalhealthcare\views\JdhTestReportsView.php
C:\wamp64\www\jootidigitalhealthcare\views\JdhTestRequestsAdd.php
C:\wamp64\www\jootidigitalhealthcare\views\JdhTestRequestsDelete.php
C:\wamp64\www\jootidigitalhealthcare\views\JdhTestRequestsEdit.php
C:\wamp64\www\jootidigitalhealthcare\views\JdhTestRequestsGrid.php
C:\wamp64\www\jootidigitalhealthcare\views\JdhTestRequestsList.php
C:\wamp64\www\jootidigitalhealthcare\views\JdhTestRequestsView.php
C:\wamp64\www\jootidigitalhealthcare\views\JdhUsersAdd.php
C:\wamp64\www\jootidigitalhealthcare\views\JdhUsersDelete.php
C:\wamp64\www\jootidigitalhealthcare\views\JdhUsersEdit.php
C:\wamp64\www\jootidigitalhealthcare\views\JdhUsersList.php
C:\wamp64\www\jootidigitalhealthcare\views\JdhUsersView.php
C:\wamp64\www\jootidigitalhealthcare\views\JdhVisitTypesAdd.php
C:\wamp64\www\jootidigitalhealthcare\views\JdhVisitTypesDelete.php
C:\wamp64\www\jootidigitalhealthcare\views\JdhVisitTypesEdit.php
C:\wamp64\www\jootidigitalhealthcare\views\JdhVisitTypesList.php
C:\wamp64\www\jootidigitalhealthcare\views\JdhVisitTypesView.php
C:\wamp64\www\jootidigitalhealthcare\views\JdhVitalsAdd.php
C:\wamp64\www\jootidigitalhealthcare\views\JdhVitalsDelete.php
C:\wamp64\www\jootidigitalhealthcare\views\JdhVitalsEdit.php
C:\wamp64\www\jootidigitalhealthcare\views\JdhVitalsGrid.php
C:\wamp64\www\jootidigitalhealthcare\views\JdhVitalsList.php
C:\wamp64\www\jootidigitalhealthcare\views\JdhVitalsView.php
C:\wamp64\www\jootidigitalhealthcare\views\JdhWardsAdd.php
C:\wamp64\www\jootidigitalhealthcare\views\JdhWardsDelete.php
C:\wamp64\www\jootidigitalhealthcare\views\JdhWardsEdit.php
C:\wamp64\www\jootidigitalhealthcare\views\JdhWardsList.php
C:\wamp64\www\jootidigitalhealthcare\views\JdhWardsView.php
C:\wamp64\www\jootidigitalhealthcare\views\Login.php
C:\wamp64\www\jootidigitalhealthcare\views\PatientAppointmentsAdd.php
C:\wamp64\www\jootidigitalhealthcare\views\PatientAppointmentsCalendar.php
C:\wamp64\www\jootidigitalhealthcare\views\PatientAppointmentsDelete.php
C:\wamp64\www\jootidigitalhealthcare\views\PatientAppointmentsEdit.php
C:\wamp64\www\jootidigitalhealthcare\views\PatientAppointmentsView.php
C:\wamp64\www\jootidigitalhealthcare\views\PatientQueuesSummary.php
C:\wamp64\www\jootidigitalhealthcare\views\PersonalData.php
C:\wamp64\www\jootidigitalhealthcare\views\ResetPassword.php
C:\wamp64\www\jootidigitalhealthcare\views\SubscriptionsAdd.php
C:\wamp64\www\jootidigitalhealthcare\views\SubscriptionsDelete.php
C:\wamp64\www\jootidigitalhealthcare\views\SubscriptionsEdit.php
C:\wamp64\www\jootidigitalhealthcare\views\SubscriptionsList.php
C:\wamp64\www\jootidigitalhealthcare\views\SubscriptionsView.php
C:\wamp64\www\jootidigitalhealthcare\views\email.php
C:\wamp64\www\jootidigitalhealthcare\views\layout.php
C:\wamp64\www\jootidigitalhealthcare\views\menu.php
C:\wamp64\www\jootidigitalhealthcare\views\pushnotification.php
C:\wamp64\www\jootidigitalhealthcare\views\swagger.php
C:\wamp64\www\jootidigitalhealthcare\web.config